<?xml version="1.0" encoding="UTF-8"?>
<!-- Generated by org.testng.reporters.JUnitXMLReporter -->
<testsuite ignored="0" hostname="DESKTOP-UDDQ95D" failures="0" tests="6" name="Test" time="0.161" errors="0" timestamp="2024-08-17T18:31:51 IST">
  <testcase classname="com.testng.grouping.Grouping" name="test1" time="0.015"/>
  <testcase classname="com.testng.grouping.Grouping" name="test2" time="0.003"/>
  <testcase classname="com.testng.grouping.Grouping" name="test3" time="0.002"/>
  <testcase classname="com.testng.grouping.Grouping" name="test4" time="0.002"/>
  <testcase classname="com.testng.grouping.Grouping" name="test5" time="0.002"/>
  <testcase classname="com.testng.grouping.Grouping" name="test6" time="0.005"/>
</testsuite> <!-- Test -->
