<?xml version="1.0" encoding="UTF-8"?>
<!-- Generated by org.testng.reporters.JUnitXMLReporter -->
<testsuite ignored="0" hostname="DESKTOP-UDDQ95D" failures="0" tests="4" name="Test1" time="0.228" errors="0" timestamp="2024-08-17T15:16:07 IST">
  <testcase classname="com.testng.enabled.DemoTest1" name="test1" time="0.019"/>
  <testcase classname="com.testng.enabled.DemoTest1" name="test2" time="0.005"/>
  <testcase classname="com.testng.enabled.DemoTest1" name="test3" time="0.003"/>
  <testcase classname="com.testng.enabled.DemoTest1" name="test4" time="0.006"/>
</testsuite> <!-- Test1 -->
