<?xml version="1.0" encoding="UTF-8"?>
<!-- Generated by org.testng.reporters.JUnitXMLReporter -->
<testsuite ignored="0" hostname="DESKTOP-UDDQ95D" failures="0" tests="4" name="Test2" time="0.077" errors="0" timestamp="2024-08-17T15:16:07 IST">
  <testcase classname="com.testng.enabled.DemoTest2" name="test5" time="0.004"/>
  <testcase classname="com.testng.enabled.DemoTest2" name="test6" time="0.011"/>
  <testcase classname="com.testng.enabled.DemoTest2" name="test7" time="0.001"/>
  <testcase classname="com.testng.enabled.DemoTest2" name="test8" time="0.012"/>
</testsuite> <!-- Test2 -->
