<?xml version="1.0" encoding="UTF-8"?>
<testng-results ignored="0" total="3" passed="3" failed="0" skipped="0">
  <reporter-output>
  </reporter-output>
  <suite started-at="2024-06-12T22:44:21 IST" name="Default suite" finished-at="2024-06-12T22:44:21 IST" duration-ms="106">
    <groups>
    </groups>
    <test started-at="2024-06-12T22:44:21 IST" name="Default test" finished-at="2024-06-12T22:44:21 IST" duration-ms="106">
      <class name="com.testngpractice.FIrstTesngTestcase">
        <test-method signature="openapp()[pri:1, instance:com.testngpractice.FIrstTesngTestcase@51dcb805]" started-at="2024-06-12T22:44:21 IST" name="openapp" finished-at="2024-06-12T22:44:21 IST" duration-ms="16" status="PASS">
          <reporter-output>
          </reporter-output>
        </test-method> <!-- openapp -->
        <test-method signature="login()[pri:2, instance:com.testngpractice.FIrstTesngTestcase@51dcb805]" started-at="2024-06-12T22:44:21 IST" name="login" finished-at="2024-06-12T22:44:21 IST" duration-ms="2" status="PASS">
          <reporter-output>
          </reporter-output>
        </test-method> <!-- login -->
        <test-method signature="logout()[pri:3, instance:com.testngpractice.FIrstTesngTestcase@51dcb805]" started-at="2024-06-12T22:44:21 IST" name="logout" finished-at="2024-06-12T22:44:21 IST" duration-ms="6" status="PASS">
          <reporter-output>
          </reporter-output>
        </test-method> <!-- logout -->
      </class> <!-- com.testngpractice.FIrstTesngTestcase -->
    </test> <!-- Default test -->
  </suite> <!-- Default suite -->
</testng-results>
