<?xml version="1.0" encoding="UTF-8"?>
<!-- Generated by org.testng.reporters.JUnitXMLReporter -->
<testsuite ignored="0" hostname="DESKTOP-UDDQ95D" failures="0" tests="3" name="Default test" time="0.106" errors="0" timestamp="2024-06-12T22:44:21 IST">
  <testcase classname="com.testngpractice.FIrstTesngTestcase" name="openapp" time="0.016"/>
  <testcase classname="com.testngpractice.FIrstTesngTestcase" name="login" time="0.002"/>
  <testcase classname="com.testngpractice.FIrstTesngTestcase" name="logout" time="0.006"/>
</testsuite> <!-- Default test -->
